d:\projects\radionica\towerdefense\x64\debug\vc142.pdb
d:\projects\radionica\towerdefense\x64\debug\vc142.idb
d:\projects\radionica\towerdefense\x64\debug\normalprojectile.nativecodeanalysis.sarif
d:\projects\radionica\towerdefense\x64\debug\normalprojectile.nativecodeanalysis.xml
d:\projects\radionica\towerdefense\x64\debug\main.nativecodeanalysis.sarif
d:\projects\radionica\towerdefense\x64\debug\main.nativecodeanalysis.xml
d:\projects\radionica\towerdefense\x64\debug\dataloader.nativecodeanalysis.sarif
d:\projects\radionica\towerdefense\x64\debug\dataloader.nativecodeanalysis.xml
d:\projects\radionica\towerdefense\x64\debug\game.nativecodeanalysis.sarif
d:\projects\radionica\towerdefense\x64\debug\game.nativecodeanalysis.xml
d:\projects\radionica\towerdefense\x64\debug\towerfactory.nativecodeanalysis.sarif
d:\projects\radionica\towerdefense\x64\debug\towerfactory.nativecodeanalysis.xml
d:\projects\radionica\towerdefense\x64\debug\tilefactory.nativecodeanalysis.sarif
d:\projects\radionica\towerdefense\x64\debug\tilefactory.nativecodeanalysis.xml
d:\projects\radionica\towerdefense\x64\debug\projectilefactory.nativecodeanalysis.sarif
d:\projects\radionica\towerdefense\x64\debug\projectilefactory.nativecodeanalysis.xml
d:\projects\radionica\towerdefense\x64\debug\enemyfactory.nativecodeanalysis.sarif
d:\projects\radionica\towerdefense\x64\debug\enemyfactory.nativecodeanalysis.xml
d:\projects\radionica\towerdefense\x64\debug\slowenemy.nativecodeanalysis.sarif
d:\projects\radionica\towerdefense\x64\debug\slowenemy.nativecodeanalysis.xml
d:\projects\radionica\towerdefense\x64\debug\fastenemy.nativecodeanalysis.sarif
d:\projects\radionica\towerdefense\x64\debug\fastenemy.nativecodeanalysis.xml
d:\projects\radionica\towerdefense\x64\debug\enemybase.nativecodeanalysis.sarif
d:\projects\radionica\towerdefense\x64\debug\enemybase.nativecodeanalysis.xml
d:\projects\radionica\towerdefense\x64\debug\tiledata.nativecodeanalysis.sarif
d:\projects\radionica\towerdefense\x64\debug\tiledata.nativecodeanalysis.xml
d:\projects\radionica\towerdefense\x64\debug\enemydata.nativecodeanalysis.sarif
d:\projects\radionica\towerdefense\x64\debug\enemydata.nativecodeanalysis.xml
d:\projects\radionica\towerdefense\x64\debug\viewcontroller.nativecodeanalysis.sarif
d:\projects\radionica\towerdefense\x64\debug\viewcontroller.nativecodeanalysis.xml
d:\projects\radionica\towerdefense\x64\debug\towercontroller.nativecodeanalysis.sarif
d:\projects\radionica\towerdefense\x64\debug\towercontroller.nativecodeanalysis.xml
d:\projects\radionica\towerdefense\x64\debug\tilecontroller.nativecodeanalysis.sarif
d:\projects\radionica\towerdefense\x64\debug\tilecontroller.nativecodeanalysis.xml
d:\projects\radionica\towerdefense\x64\debug\projectilecontroller.nativecodeanalysis.sarif
d:\projects\radionica\towerdefense\x64\debug\projectilecontroller.nativecodeanalysis.xml
d:\projects\radionica\towerdefense\x64\debug\gamecontroller.nativecodeanalysis.sarif
d:\projects\radionica\towerdefense\x64\debug\gamecontroller.nativecodeanalysis.xml
d:\projects\radionica\towerdefense\x64\debug\enemycontroller.nativecodeanalysis.sarif
d:\projects\radionica\towerdefense\x64\debug\enemycontroller.nativecodeanalysis.xml
d:\projects\radionica\towerdefense\x64\debug\constants.nativecodeanalysis.sarif
d:\projects\radionica\towerdefense\x64\debug\constants.nativecodeanalysis.xml
d:\projects\radionica\towerdefense\x64\debug\constants.obj
d:\projects\radionica\towerdefense\x64\debug\enemycontroller.obj
d:\projects\radionica\towerdefense\x64\debug\projectilecontroller.obj
d:\projects\radionica\towerdefense\x64\debug\tilecontroller.obj
d:\projects\radionica\towerdefense\x64\debug\towercontroller.obj
d:\projects\radionica\towerdefense\x64\debug\viewcontroller.obj
d:\projects\radionica\towerdefense\x64\debug\enemydata.obj
d:\projects\radionica\towerdefense\x64\debug\tiledata.obj
d:\projects\radionica\towerdefense\x64\debug\enemybase.obj
d:\projects\radionica\towerdefense\x64\debug\fastenemy.obj
d:\projects\radionica\towerdefense\x64\debug\slowenemy.obj
d:\projects\radionica\towerdefense\x64\debug\enemyfactory.obj
d:\projects\radionica\towerdefense\x64\debug\projectilefactory.obj
d:\projects\radionica\towerdefense\x64\debug\tilefactory.obj
d:\projects\radionica\towerdefense\x64\debug\towerfactory.obj
d:\projects\radionica\towerdefense\x64\debug\game.obj
d:\projects\radionica\towerdefense\x64\debug\dataloader.obj
d:\projects\radionica\towerdefense\x64\debug\main.obj
d:\projects\radionica\towerdefense\x64\debug\normalprojectile.obj
d:\projects\radionica\towerdefense\x64\debug\enemyviewcontroller.nativecodeanalysis.sarif
d:\projects\radionica\towerdefense\x64\debug\enemyviewcontroller.nativecodeanalysis.xml
d:\projects\radionica\towerdefense\x64\debug\enemyview.nativecodeanalysis.sarif
d:\projects\radionica\towerdefense\x64\debug\enemyview.nativecodeanalysis.xml
d:\projects\radionica\towerdefense\x64\debug\towerbase.nativecodeanalysis.sarif
d:\projects\radionica\towerdefense\x64\debug\towerbase.nativecodeanalysis.xml
d:\projects\radionica\towerdefense\x64\debug\slowtower.nativecodeanalysis.sarif
d:\projects\radionica\towerdefense\x64\debug\slowtower.nativecodeanalysis.xml
d:\projects\radionica\towerdefense\x64\debug\fasttower.nativecodeanalysis.sarif
d:\projects\radionica\towerdefense\x64\debug\fasttower.nativecodeanalysis.xml
d:\projects\radionica\towerdefense\x64\debug\tilebase.nativecodeanalysis.sarif
d:\projects\radionica\towerdefense\x64\debug\tilebase.nativecodeanalysis.xml
d:\projects\radionica\towerdefense\x64\debug\spawnpointtile.nativecodeanalysis.sarif
d:\projects\radionica\towerdefense\x64\debug\spawnpointtile.nativecodeanalysis.xml
d:\projects\radionica\towerdefense\x64\debug\playerpointtile.nativecodeanalysis.sarif
d:\projects\radionica\towerdefense\x64\debug\playerpointtile.nativecodeanalysis.xml
d:\projects\radionica\towerdefense\x64\debug\passabletile.nativecodeanalysis.sarif
d:\projects\radionica\towerdefense\x64\debug\passabletile.nativecodeanalysis.xml
d:\projects\radionica\towerdefense\x64\debug\impassabletile.nativecodeanalysis.sarif
d:\projects\radionica\towerdefense\x64\debug\impassabletile.nativecodeanalysis.xml
d:\projects\radionica\towerdefense\x64\debug\projectilebase.nativecodeanalysis.sarif
d:\projects\radionica\towerdefense\x64\debug\projectilebase.nativecodeanalysis.xml
d:\projects\radionica\towerdefense\x64\debug\projectilebase.obj
d:\projects\radionica\towerdefense\x64\debug\impassabletile.obj
d:\projects\radionica\towerdefense\x64\debug\passabletile.obj
d:\projects\radionica\towerdefense\x64\debug\playerpointtile.obj
d:\projects\radionica\towerdefense\x64\debug\spawnpointtile.obj
d:\projects\radionica\towerdefense\x64\debug\tilebase.obj
d:\projects\radionica\towerdefense\x64\debug\fasttower.obj
d:\projects\radionica\towerdefense\x64\debug\slowtower.obj
d:\projects\radionica\towerdefense\x64\debug\towerbase.obj
d:\projects\radionica\towerdefense\x64\debug\enemyview.obj
d:\projects\radionica\towerdefense\x64\debug\enemyviewcontroller.obj
d:\projects\radionica\towerdefense\x64\debug\towerdefense.tlog\cl.command.1.tlog
d:\projects\radionica\towerdefense\x64\debug\towerdefense.tlog\cl.read.1.tlog
d:\projects\radionica\towerdefense\x64\debug\towerdefense.tlog\cl.write.1.tlog
